<?xml version="1.0" encoding="UTF-8"?>
<testng-results ignored="0" total="1" passed="0" failed="1" skipped="0">
  <reporter-output>
  </reporter-output>
  <suite started-at="2025-07-18T15:53:50 IST" name="Default suite" finished-at="2025-07-18T15:54:18 IST" duration-ms="27645">
    <groups>
    </groups>
    <test started-at="2025-07-18T15:53:50 IST" name="Default test" finished-at="2025-07-18T15:54:18 IST" duration-ms="27645">
      <class name="tests.TC_ChangePasswordWithValidData">
        <test-method is-config="true" signature="setup()[pri:0, instance:tests.TC_ChangePasswordWithValidData@1a75e76a]" started-at="2025-07-18T15:53:50 IST" name="setup" finished-at="2025-07-18T15:53:54 IST" duration-ms="3894" status="PASS">
          <reporter-output>
          </reporter-output>
        </test-method> <!-- setup -->
        <test-method signature="changePasswordWithValidCurrentAndNewPasswords()[pri:0, instance:tests.TC_ChangePasswordWithValidData@1a75e76a]" started-at="2025-07-18T15:53:54 IST" name="changePasswordWithValidCurrentAndNewPasswords" finished-at="2025-07-18T15:54:17 IST" duration-ms="23451" status="FAIL">
          <exception class="org.openqa.selenium.ElementClickInterceptedException">
            <message>
              <![CDATA[element click intercepted: Element <span>...</span> is not clickable at point (289, 716). Other element would receive the click: <iframe id="aswift_1" name="aswift_1" browsingtopics="true" style="min-height: auto; max-height: none; min-width: auto; max-width: none; width: 728px !important; height: 90px !important; display: block; margin: 0px auto;" sandbox="allow-forms allow-popups allow-popups-to-escape-sandbox allow-same-origin allow-scripts allow-top-navigation-by-user-activation" width="728" height="90" frameborder="0" marginwidth="0" marginheight="0" vspace="0" hspace="0" allowtransparency="true" scrolling="no" allow="attribution-reporting; run-ad-auction" src="https://googleads.g.doubleclick.net/pagead/html/r20250716/r20190131/zrt_lookup_fy2021.html#RS-0-&amp;adk=1812271801&amp;client=ca-pub-7399332034053978&amp;fa=1&amp;ifi=2&amp;uci=a!2&amp;btvi=1" data-google-container-id="a!2" tabindex="0" title="Advertisement" aria-label="Advertisement"></iframe>
  (Session info: chrome=138.0.7204.101)
Build info: version: '4.33.0', revision: '2c6aaad03a'
System info: os.name: 'Windows 11', os.arch: 'amd64', os.version: '10.0', java.version: '17.0.11'
Driver info: org.openqa.selenium.chrome.ChromeDriver
Command: [3559df388559dfeaaf0680625b472dc8, clickElement {id=f.91B9D2537A0B4046A26DA086DA075C99.d.CE1B3B0DE193123B46C1B922757C9B15.e.241}]
Capabilities {acceptInsecureCerts: false, browserName: chrome, browserVersion: 138.0.7204.101, chrome: {chromedriverVersion: 138.0.7204.157 (e533e98b126..., userDataDir: C:\Users\toufi\AppData\Loca...}, fedcm:accounts: true, goog:chromeOptions: {debuggerAddress: localhost:51039}, networkConnectionEnabled: false, pageLoadStrategy: normal, platformName: windows, proxy: Proxy(), se:cdp: ws://localhost:51039/devtoo..., se:cdpVersion: 138.0.7204.101, setWindowRect: true, strictFileInteractability: false, timeouts: {implicit: 0, pageLoad: 300000, script: 30000}, unhandledPromptBehavior: dismiss and notify, webauthn:extension:credBlob: true, webauthn:extension:largeBlob: true, webauthn:extension:minPinLength: true, webauthn:extension:prf: true, webauthn:virtualAuthenticators: true}
Element: [[ChromeDriver: chrome on windows (3559df388559dfeaaf0680625b472dc8)] -> xpath: //span[normalize-space()='Save']]
Session ID: 3559df388559dfeaaf0680625b472dc8]]>
            </message>
            <full-stacktrace>
              <![CDATA[org.openqa.selenium.ElementClickInterceptedException: element click intercepted: Element <span>...</span> is not clickable at point (289, 716). Other element would receive the click: <iframe id="aswift_1" name="aswift_1" browsingtopics="true" style="min-height: auto; max-height: none; min-width: auto; max-width: none; width: 728px !important; height: 90px !important; display: block; margin: 0px auto;" sandbox="allow-forms allow-popups allow-popups-to-escape-sandbox allow-same-origin allow-scripts allow-top-navigation-by-user-activation" width="728" height="90" frameborder="0" marginwidth="0" marginheight="0" vspace="0" hspace="0" allowtransparency="true" scrolling="no" allow="attribution-reporting; run-ad-auction" src="https://googleads.g.doubleclick.net/pagead/html/r20250716/r20190131/zrt_lookup_fy2021.html#RS-0-&amp;adk=1812271801&amp;client=ca-pub-7399332034053978&amp;fa=1&amp;ifi=2&amp;uci=a!2&amp;btvi=1" data-google-container-id="a!2" tabindex="0" title="Advertisement" aria-label="Advertisement"></iframe>
  (Session info: chrome=138.0.7204.101)
Build info: version: '4.33.0', revision: '2c6aaad03a'
System info: os.name: 'Windows 11', os.arch: 'amd64', os.version: '10.0', java.version: '17.0.11'
Driver info: org.openqa.selenium.chrome.ChromeDriver
Command: [3559df388559dfeaaf0680625b472dc8, clickElement {id=f.91B9D2537A0B4046A26DA086DA075C99.d.CE1B3B0DE193123B46C1B922757C9B15.e.241}]
Capabilities {acceptInsecureCerts: false, browserName: chrome, browserVersion: 138.0.7204.101, chrome: {chromedriverVersion: 138.0.7204.157 (e533e98b126..., userDataDir: C:\Users\toufi\AppData\Loca...}, fedcm:accounts: true, goog:chromeOptions: {debuggerAddress: localhost:51039}, networkConnectionEnabled: false, pageLoadStrategy: normal, platformName: windows, proxy: Proxy(), se:cdp: ws://localhost:51039/devtoo..., se:cdpVersion: 138.0.7204.101, setWindowRect: true, strictFileInteractability: false, timeouts: {implicit: 0, pageLoad: 300000, script: 30000}, unhandledPromptBehavior: dismiss and notify, webauthn:extension:credBlob: true, webauthn:extension:largeBlob: true, webauthn:extension:minPinLength: true, webauthn:extension:prf: true, webauthn:virtualAuthenticators: true}
Element: [[ChromeDriver: chrome on windows (3559df388559dfeaaf0680625b472dc8)] -> xpath: //span[normalize-space()='Save']]
Session ID: 3559df388559dfeaaf0680625b472dc8
at java.base/jdk.internal.reflect.NativeConstructorAccessorImpl.newInstance0(Native Method)
at java.base/jdk.internal.reflect.NativeConstructorAccessorImpl.newInstance(NativeConstructorAccessorImpl.java:77)
at java.base/jdk.internal.reflect.DelegatingConstructorAccessorImpl.newInstance(DelegatingConstructorAccessorImpl.java:45)
at java.base/java.lang.reflect.Constructor.newInstanceWithCaller(Constructor.java:499)
at java.base/java.lang.reflect.Constructor.newInstance(Constructor.java:480)
at org.openqa.selenium.remote.ErrorCodec.decode(ErrorCodec.java:167)
at org.openqa.selenium.remote.codec.w3c.W3CHttpResponseCodec.decode(W3CHttpResponseCodec.java:138)
at org.openqa.selenium.remote.codec.w3c.W3CHttpResponseCodec.decode(W3CHttpResponseCodec.java:50)
at org.openqa.selenium.remote.HttpCommandExecutor.execute(HttpCommandExecutor.java:215)
at org.openqa.selenium.remote.service.DriverCommandExecutor.invokeExecute(DriverCommandExecutor.java:216)
at org.openqa.selenium.remote.service.DriverCommandExecutor.execute(DriverCommandExecutor.java:174)
at org.openqa.selenium.remote.RemoteWebDriver.execute(RemoteWebDriver.java:544)
at org.openqa.selenium.remote.RemoteWebElement.execute(RemoteWebElement.java:223)
at org.openqa.selenium.remote.RemoteWebElement.click(RemoteWebElement.java:76)
at java.base/jdk.internal.reflect.NativeMethodAccessorImpl.invoke0(Native Method)
at java.base/jdk.internal.reflect.NativeMethodAccessorImpl.invoke(NativeMethodAccessorImpl.java:77)
at java.base/jdk.internal.reflect.DelegatingMethodAccessorImpl.invoke(DelegatingMethodAccessorImpl.java:43)
at java.base/java.lang.reflect.Method.invoke(Method.java:568)
at org.openqa.selenium.support.pagefactory.internal.LocatingElementHandler.invoke(LocatingElementHandler.java:51)
at jdk.proxy2/jdk.proxy2.$Proxy28.click(Unknown Source)
at pages.ChangePasswordPage.clickOnSaveBtn(ChangePasswordPage.java:48)
at tests.TC_ChangePasswordWithValidData.changePasswordWithValidCurrentAndNewPasswords(TC_ChangePasswordWithValidData.java:46)
at java.base/jdk.internal.reflect.NativeMethodAccessorImpl.invoke0(Native Method)
at java.base/jdk.internal.reflect.NativeMethodAccessorImpl.invoke(NativeMethodAccessorImpl.java:77)
at java.base/jdk.internal.reflect.DelegatingMethodAccessorImpl.invoke(DelegatingMethodAccessorImpl.java:43)
at java.base/java.lang.reflect.Method.invoke(Method.java:568)
at org.testng.internal.invokers.MethodInvocationHelper.invokeMethod(MethodInvocationHelper.java:141)
at org.testng.internal.invokers.TestInvoker.invokeMethod(TestInvoker.java:686)
at org.testng.internal.invokers.TestInvoker.invokeTestMethod(TestInvoker.java:230)
at org.testng.internal.invokers.MethodRunner.runInSequence(MethodRunner.java:63)
at org.testng.internal.invokers.TestInvoker$MethodInvocationAgent.invoke(TestInvoker.java:992)
at org.testng.internal.invokers.TestInvoker.invokeTestMethods(TestInvoker.java:203)
at org.testng.internal.invokers.TestMethodWorker.invokeTestMethods(TestMethodWorker.java:154)
at org.testng.internal.invokers.TestMethodWorker.run(TestMethodWorker.java:134)
at java.base/java.util.ArrayList.forEach(ArrayList.java:1511)
at org.testng.TestRunner.privateRun(TestRunner.java:739)
at org.testng.TestRunner.run(TestRunner.java:614)
at org.testng.SuiteRunner.runTest(SuiteRunner.java:421)
at org.testng.SuiteRunner.runSequentially(SuiteRunner.java:413)
at org.testng.SuiteRunner.privateRun(SuiteRunner.java:373)
at org.testng.SuiteRunner.run(SuiteRunner.java:312)
at org.testng.SuiteRunnerWorker.runSuite(SuiteRunnerWorker.java:52)
at org.testng.SuiteRunnerWorker.run(SuiteRunnerWorker.java:95)
at org.testng.TestNG.runSuitesSequentially(TestNG.java:1274)
at org.testng.TestNG.runSuitesLocally(TestNG.java:1208)
at org.testng.TestNG.runSuites(TestNG.java:1112)
at org.testng.TestNG.run(TestNG.java:1079)
at org.testng.remote.AbstractRemoteTestNG.run(AbstractRemoteTestNG.java:115)
at org.testng.remote.RemoteTestNG.initAndRun(RemoteTestNG.java:293)
at org.testng.remote.RemoteTestNG.main(RemoteTestNG.java:91)
]]>
            </full-stacktrace>
          </exception> <!-- org.openqa.selenium.ElementClickInterceptedException -->
          <reporter-output>
          </reporter-output>
        </test-method> <!-- changePasswordWithValidCurrentAndNewPasswords -->
        <test-method is-config="true" signature="tearDown()[pri:0, instance:tests.TC_ChangePasswordWithValidData@1a75e76a]" started-at="2025-07-18T15:54:17 IST" name="tearDown" finished-at="2025-07-18T15:54:18 IST" duration-ms="272" status="PASS">
          <reporter-output>
          </reporter-output>
        </test-method> <!-- tearDown -->
      </class> <!-- tests.TC_ChangePasswordWithValidData -->
    </test> <!-- Default test -->
  </suite> <!-- Default suite -->
</testng-results>
