<?xml version="1.0" encoding="UTF-8"?>
<testng-results ignored="0" total="2" passed="2" failed="0" skipped="0">
  <reporter-output>
  </reporter-output>
  <suite started-at="2025-07-18T03:29:09 IST" name="Suite" finished-at="2025-07-18T03:29:28 IST" duration-ms="18577">
    <groups>
    </groups>
    <test started-at="2025-07-18T03:29:09 IST" name="Test" finished-at="2025-07-18T03:29:28 IST" duration-ms="18577">
      <class name="tests.TC_VerifyLogin">
        <test-method is-config="true" signature="setup()[pri:0, instance:tests.TC_VerifyLogin@2767e23c]" started-at="2025-07-18T03:29:18 IST" name="setup" finished-at="2025-07-18T03:29:22 IST" duration-ms="3633" status="PASS">
          <reporter-output>
          </reporter-output>
        </test-method> <!-- setup -->
        <test-method signature="LoginWithValidCredentials()[pri:0, instance:tests.TC_VerifyLogin@2767e23c]" started-at="2025-07-18T03:29:22 IST" name="LoginWithValidCredentials" finished-at="2025-07-18T03:29:28 IST" duration-ms="5898" status="PASS">
          <reporter-output>
          </reporter-output>
        </test-method> <!-- LoginWithValidCredentials -->
        <test-method is-config="true" signature="tearDown()[pri:0, instance:tests.TC_VerifyLogin@2767e23c]" started-at="2025-07-18T03:29:28 IST" name="tearDown" finished-at="2025-07-18T03:29:28 IST" duration-ms="212" status="PASS">
          <reporter-output>
          </reporter-output>
        </test-method> <!-- tearDown -->
      </class> <!-- tests.TC_VerifyLogin -->
      <class name="tests.TC_SignUpWithExistEmail">
        <test-method is-config="true" signature="setup()[pri:0, instance:tests.TC_SignUpWithExistEmail@48bb62]" started-at="2025-07-18T03:29:10 IST" name="setup" finished-at="2025-07-18T03:29:14 IST" duration-ms="4306" status="PASS">
          <reporter-output>
          </reporter-output>
        </test-method> <!-- setup -->
        <test-method signature="signUpWithExsistEmail()[pri:0, instance:tests.TC_SignUpWithExistEmail@48bb62]" started-at="2025-07-18T03:29:14 IST" name="signUpWithExsistEmail" finished-at="2025-07-18T03:29:18 IST" duration-ms="4077" status="PASS">
          <reporter-output>
          </reporter-output>
        </test-method> <!-- signUpWithExsistEmail -->
        <test-method is-config="true" signature="tearDown()[pri:0, instance:tests.TC_SignUpWithExistEmail@48bb62]" started-at="2025-07-18T03:29:18 IST" name="tearDown" finished-at="2025-07-18T03:29:18 IST" duration-ms="200" status="PASS">
          <reporter-output>
          </reporter-output>
        </test-method> <!-- tearDown -->
      </class> <!-- tests.TC_SignUpWithExistEmail -->
    </test> <!-- Test -->
  </suite> <!-- Suite -->
</testng-results>
