<?xml version="1.0" encoding="UTF-8"?>
<testng-results ignored="0" total="1" passed="1" failed="0" skipped="0">
  <reporter-output>
  </reporter-output>
  <suite started-at="2025-07-17T23:45:31 IST" name="Default suite" finished-at="2025-07-17T23:45:44 IST" duration-ms="12706">
    <groups>
    </groups>
    <test started-at="2025-07-17T23:45:31 IST" name="Default test" finished-at="2025-07-17T23:45:44 IST" duration-ms="12706">
      <class name="tests.TC_SignUpWithExistEmail">
        <test-method is-config="true" signature="setup()[pri:0, instance:tests.TC_SignUpWithExistEmail@33bc72d1]" started-at="2025-07-17T23:45:31 IST" name="setup" finished-at="2025-07-17T23:45:35 IST" duration-ms="4295" status="PASS">
          <reporter-output>
          </reporter-output>
        </test-method> <!-- setup -->
        <test-method signature="signUpWithExsistEmail()[pri:0, instance:tests.TC_SignUpWithExistEmail@33bc72d1]" started-at="2025-07-17T23:45:35 IST" name="signUpWithExsistEmail" finished-at="2025-07-17T23:45:43 IST" duration-ms="8019" status="PASS">
          <reporter-output>
          </reporter-output>
        </test-method> <!-- signUpWithExsistEmail -->
        <test-method is-config="true" signature="tearDown()[pri:0, instance:tests.TC_SignUpWithExistEmail@33bc72d1]" started-at="2025-07-17T23:45:43 IST" name="tearDown" finished-at="2025-07-17T23:45:44 IST" duration-ms="356" status="PASS">
          <reporter-output>
          </reporter-output>
        </test-method> <!-- tearDown -->
      </class> <!-- tests.TC_SignUpWithExistEmail -->
    </test> <!-- Default test -->
  </suite> <!-- Default suite -->
</testng-results>
