<?xml version="1.0" encoding="UTF-8"?>
<testng-results ignored="0" total="1" passed="1" failed="0" skipped="0">
  <reporter-output>
  </reporter-output>
  <suite started-at="2025-07-17T23:32:13 IST" name="Default suite" finished-at="2025-07-17T23:32:21 IST" duration-ms="7493">
    <groups>
    </groups>
    <test started-at="2025-07-17T23:32:13 IST" name="Default test" finished-at="2025-07-17T23:32:21 IST" duration-ms="7493">
      <class name="tests.CreateAccountWithEmptyFields">
        <test-method is-config="true" signature="setup()[pri:0, instance:tests.CreateAccountWithEmptyFields@33bc72d1]" started-at="2025-07-17T23:32:13 IST" name="setup" finished-at="2025-07-17T23:32:18 IST" duration-ms="4937" status="PASS">
          <reporter-output>
          </reporter-output>
        </test-method> <!-- setup -->
        <test-method signature="createAccountWithEmptyFileds()[pri:0, instance:tests.CreateAccountWithEmptyFields@33bc72d1]" started-at="2025-07-17T23:32:18 IST" name="createAccountWithEmptyFileds" finished-at="2025-07-17T23:32:21 IST" duration-ms="2261" status="PASS">
          <reporter-output>
          </reporter-output>
        </test-method> <!-- createAccountWithEmptyFileds -->
        <test-method is-config="true" signature="tearDown()[pri:0, instance:tests.CreateAccountWithEmptyFields@33bc72d1]" started-at="2025-07-17T23:32:21 IST" name="tearDown" finished-at="2025-07-17T23:32:21 IST" duration-ms="259" status="PASS">
          <reporter-output>
          </reporter-output>
        </test-method> <!-- tearDown -->
      </class> <!-- tests.CreateAccountWithEmptyFields -->
    </test> <!-- Default test -->
  </suite> <!-- Default suite -->
</testng-results>
