<?xml version="1.0" encoding="UTF-8"?>
<testng-results ignored="0" total="1" passed="1" failed="0" skipped="0">
  <reporter-output>
  </reporter-output>
  <suite started-at="2025-07-18T04:27:50 IST" name="Default suite" finished-at="2025-07-18T04:28:02 IST" duration-ms="11481">
    <groups>
    </groups>
    <test started-at="2025-07-18T04:27:50 IST" name="Default test" finished-at="2025-07-18T04:28:02 IST" duration-ms="11481">
      <class name="tests.TC_VerifyLoginWithUnregisterEmail">
        <test-method is-config="true" signature="setup()[pri:0, instance:tests.TC_VerifyLoginWithUnregisterEmail@1a75e76a]" started-at="2025-07-18T04:27:50 IST" name="setup" finished-at="2025-07-18T04:27:56 IST" duration-ms="5391" status="PASS">
          <reporter-output>
          </reporter-output>
        </test-method> <!-- setup -->
        <test-method signature="VerifyWithUnregisterEmail()[pri:0, instance:tests.TC_VerifyLoginWithUnregisterEmail@1a75e76a]" started-at="2025-07-18T04:27:56 IST" name="VerifyWithUnregisterEmail" finished-at="2025-07-18T04:28:02 IST" duration-ms="5823" status="PASS">
          <reporter-output>
          </reporter-output>
        </test-method> <!-- VerifyWithUnregisterEmail -->
        <test-method is-config="true" signature="tearDown()[pri:0, instance:tests.TC_VerifyLoginWithUnregisterEmail@1a75e76a]" started-at="2025-07-18T04:28:02 IST" name="tearDown" finished-at="2025-07-18T04:28:02 IST" duration-ms="239" status="PASS">
          <reporter-output>
          </reporter-output>
        </test-method> <!-- tearDown -->
      </class> <!-- tests.TC_VerifyLoginWithUnregisterEmail -->
    </test> <!-- Default test -->
  </suite> <!-- Default suite -->
</testng-results>
