<?xml version="1.0" encoding="UTF-8"?>
<testng-results ignored="0" total="1" passed="1" failed="0" skipped="0">
  <reporter-output>
  </reporter-output>
  <suite started-at="2025-07-18T05:32:08 IST" name="Default suite" finished-at="2025-07-18T05:32:21 IST" duration-ms="13862">
    <groups>
    </groups>
    <test started-at="2025-07-18T05:32:08 IST" name="Default test" finished-at="2025-07-18T05:32:21 IST" duration-ms="13862">
      <class name="tests.TC_VerifySignoutAfterLogin">
        <test-method is-config="true" signature="setup()[pri:0, instance:tests.TC_VerifySignoutAfterLogin@1a75e76a]" started-at="2025-07-18T05:32:08 IST" name="setup" finished-at="2025-07-18T05:32:13 IST" duration-ms="5330" status="PASS">
          <reporter-output>
          </reporter-output>
        </test-method> <!-- setup -->
        <test-method signature="VerifySignoutAfterLogin()[pri:0, instance:tests.TC_VerifySignoutAfterLogin@1a75e76a]" started-at="2025-07-18T05:32:13 IST" name="VerifySignoutAfterLogin" finished-at="2025-07-18T05:32:21 IST" duration-ms="8244" status="PASS">
          <reporter-output>
          </reporter-output>
        </test-method> <!-- VerifySignoutAfterLogin -->
        <test-method is-config="true" signature="tearDown()[pri:0, instance:tests.TC_VerifySignoutAfterLogin@1a75e76a]" started-at="2025-07-18T05:32:21 IST" name="tearDown" finished-at="2025-07-18T05:32:21 IST" duration-ms="254" status="PASS">
          <reporter-output>
          </reporter-output>
        </test-method> <!-- tearDown -->
      </class> <!-- tests.TC_VerifySignoutAfterLogin -->
    </test> <!-- Default test -->
  </suite> <!-- Default suite -->
</testng-results>
