<?xml version="1.0" encoding="UTF-8"?>
<testng-results ignored="0" total="1" passed="1" failed="0" skipped="0">
  <reporter-output>
  </reporter-output>
  <suite started-at="2025-07-18T04:08:19 IST" name="Default suite" finished-at="2025-07-18T04:08:30 IST" duration-ms="10937">
    <groups>
    </groups>
    <test started-at="2025-07-18T04:08:19 IST" name="Default test" finished-at="2025-07-18T04:08:30 IST" duration-ms="10937">
      <class name="tests.TC_VerifyLoginInvalidEmailAndValidPassword">
        <test-method is-config="true" signature="setup()[pri:0, instance:tests.TC_VerifyLoginInvalidEmailAndValidPassword@1a75e76a]" started-at="2025-07-18T04:08:20 IST" name="setup" finished-at="2025-07-18T04:08:27 IST" duration-ms="7472" status="PASS">
          <reporter-output>
          </reporter-output>
        </test-method> <!-- setup -->
        <test-method signature="verifyLoginWithInvalidEmailAndValidPassword()[pri:0, instance:tests.TC_VerifyLoginInvalidEmailAndValidPassword@1a75e76a]" started-at="2025-07-18T04:08:27 IST" name="verifyLoginWithInvalidEmailAndValidPassword" finished-at="2025-07-18T04:08:30 IST" duration-ms="3187" status="PASS">
          <reporter-output>
          </reporter-output>
        </test-method> <!-- verifyLoginWithInvalidEmailAndValidPassword -->
        <test-method is-config="true" signature="tearDown()[pri:0, instance:tests.TC_VerifyLoginInvalidEmailAndValidPassword@1a75e76a]" started-at="2025-07-18T04:08:30 IST" name="tearDown" finished-at="2025-07-18T04:08:30 IST" duration-ms="247" status="PASS">
          <reporter-output>
          </reporter-output>
        </test-method> <!-- tearDown -->
      </class> <!-- tests.TC_VerifyLoginInvalidEmailAndValidPassword -->
    </test> <!-- Default test -->
  </suite> <!-- Default suite -->
</testng-results>
